2022-01-27 23:05:59 | [INFO]    | Discordia 2.9.1
2022-01-27 23:05:59 | [INFO]    | Connecting to Discord...
2022-01-27 23:05:59 | [ERROR]   | 401 - Unauthorized : GET https://discord.com/api/v7/users/@me
2022-01-27 23:05:59 | [ERROR]   | Could not authenticate, check token: HTTP Error 0 : 401: Unauthorized
2022-01-27 23:06:06 | [INFO]    | Discordia 2.9.1
2022-01-27 23:06:06 | [INFO]    | Connecting to Discord...
2022-01-27 23:06:06 | [INFO]    | Authenticated as MINA#7240
2022-01-27 23:06:07 | [INFO]    | Launching shard 0 (1 out of 1)...
2022-01-27 23:06:07 | [INFO]    | Shard 0 : Connected to wss://gateway.discord.gg
2022-01-27 23:06:07 | [INFO]    | Shard 0 : Received HELLO
2022-01-27 23:06:08 | [INFO]    | Shard 0 : Received READY
2022-01-27 23:13:15 | [INFO]    | Discordia 2.9.1
2022-01-27 23:13:15 | [INFO]    | Connecting to Discord...
2022-01-27 23:13:15 | [INFO]    | Authenticated as MINA#7240
2022-01-27 23:13:15 | [INFO]    | Launching shard 0 (1 out of 1)...
2022-01-27 23:13:15 | [INFO]    | Shard 0 : Connected to wss://gateway.discord.gg
2022-01-27 23:13:15 | [INFO]    | Shard 0 : Received HELLO
2022-01-27 23:13:16 | [INFO]    | Shard 0 : Received READY
2022-01-27 23:13:32 | [INFO]    | Discordia 2.9.1
2022-01-27 23:13:32 | [INFO]    | Connecting to Discord...
2022-01-27 23:13:32 | [INFO]    | Authenticated as MINA#7240
2022-01-27 23:13:32 | [INFO]    | Launching shard 0 (1 out of 1)...
2022-01-27 23:13:32 | [INFO]    | Shard 0 : Connected to wss://gateway.discord.gg
2022-01-27 23:13:32 | [INFO]    | Shard 0 : Received HELLO
2022-01-27 23:13:33 | [INFO]    | Shard 0 : Received READY
2022-01-27 23:14:17 | [INFO]    | Discordia 2.9.1
2022-01-27 23:14:17 | [INFO]    | Connecting to Discord...
2022-01-27 23:14:17 | [INFO]    | Authenticated as MINA#7240
2022-01-27 23:14:17 | [INFO]    | Launching shard 0 (1 out of 1)...
2022-01-27 23:14:18 | [INFO]    | Shard 0 : Connected to wss://gateway.discord.gg
2022-01-27 23:14:18 | [INFO]    | Shard 0 : Received HELLO
2022-01-27 23:14:18 | [INFO]    | Shard 0 : Received READY
2022-01-27 23:20:49 | [INFO]    | Discordia 2.9.1
2022-01-27 23:20:49 | [INFO]    | Connecting to Discord...
2022-01-27 23:20:49 | [INFO]    | Authenticated as MINA#7240
2022-01-27 23:20:49 | [INFO]    | Launching shard 0 (1 out of 1)...
2022-01-27 23:20:50 | [INFO]    | Shard 0 : Connected to wss://gateway.discord.gg
2022-01-27 23:20:50 | [INFO]    | Shard 0 : Received HELLO
2022-01-27 23:20:50 | [INFO]    | Shard 0 : Received READY
2022-01-27 23:20:54 | [INFO]    | Discordia 2.9.1
2022-01-27 23:20:54 | [INFO]    | Connecting to Discord...
2022-01-27 23:20:54 | [INFO]    | Authenticated as MINA#7240
2022-01-27 23:20:54 | [INFO]    | Launching shard 0 (1 out of 1)...
2022-01-27 23:20:54 | [INFO]    | Shard 0 : Connected to wss://gateway.discord.gg
2022-01-27 23:20:54 | [INFO]    | Shard 0 : Received HELLO
2022-01-27 23:20:55 | [INFO]    | Shard 0 : Session invalidated, re-identifying...
2022-01-27 23:21:02 | [INFO]    | Shard 0 : Received READY
